
=== Tue Jul 20 13:11:38 2021

Packages were changed.
Update Mode: updateDependencies

The following packages were updated:
  com.unity.collab-proxy from version 1.3.9 to 1.5.7
  com.unity.ide.visualstudio from version 2.0.7 to 2.0.8
  com.unity.render-pipelines.universal from version 10.3.2 to 10.5.0
  com.unity.textmeshpro from version 3.0.4 to 3.0.6
  com.unity.timeline from version 1.4.7 to 1.4.8
  com.unity.xr.oculus from version 1.8.1 to 1.9.1
  com.unity.xr.openxr from version 1.0.3 to 1.2.0

=== Fri Oct  8 11:56:55 2021

Packages were changed.
Update Mode: updateDependencies

The following packages were updated:
  com.unity.collab-proxy from version 1.5.7 to 1.7.1
  com.unity.ide.visualstudio from version 2.0.8 to 2.0.9
  com.unity.test-framework from version 1.1.24 to 1.1.27
  com.unity.xr.openxr from version 1.2.0 to 1.2.2

=== Fri Oct  8 12:35:00 2021

Packages were changed.
Update Mode: updateDependencies

The following packages were updated:
  com.unity.collab-proxy from version 1.7.1 to 1.9.0
  com.unity.ide.visualstudio from version 2.0.9 to 2.0.11
  com.unity.ide.vscode from version 1.2.3 to 1.2.4
  com.unity.render-pipelines.universal from version 10.5.0 to 10.6.0
  com.unity.test-framework from version 1.1.27 to 1.1.29
  com.unity.xr.oculus from version 1.9.1 to 1.10.0
  com.unity.xr.openxr from version 1.2.2 to 1.2.8

=== Mon Oct 11 15:25:17 2021

Packages were changed.
Update Mode: updateDependencies

The following packages were updated:
  com.unity.collab-proxy from version 1.9.0 to 1.11.2

=== Tue Nov  9 10:41:46 2021

Packages were changed.
Update Mode: updateDependencies

The following packages were updated:
  com.unity.collab-proxy from version 1.11.2 to 1.13.5

=== Fri Dec 17 14:01:08 2021

Packages were changed.
Update Mode: updateDependencies

The following packages were updated:
  com.unity.collab-proxy from version 1.13.5 to 1.15.4
  com.unity.render-pipelines.universal from version 10.6.0 to 10.7.0
  com.unity.xr.oculus from version 1.10.0 to 1.11.0
  com.unity.xr.openxr from version 1.2.8 to 1.3.0
